\BOOKMARK [0][-]{chapter.1}{\376\377\000I\000n\000t\000r\000o\000d\000u\000c\000t\000i\000o\000n}{}% 1
\BOOKMARK [1][-]{section.1.1}{\376\377\000O\000b\000j\000e\000t\000\040\000d\000u\000\040\000d\000o\000c\000u\000m\000e\000n\000t}{chapter.1}% 2
\BOOKMARK [1][-]{section.1.2}{\376\377\000P\000r\000\351\000s\000e\000n\000t\000a\000t\000i\000o\000n\000\040\000d\000u\000\040\000p\000r\000o\000j\000e\000t}{chapter.1}% 3
\BOOKMARK [1][-]{section.1.3}{\376\377\000P\000\351\000r\000i\000m\000\350\000t\000r\000e}{chapter.1}% 4
\BOOKMARK [1][-]{section.1.4}{\376\377\000S\000t\000a\000c\000k\000\040\000t\000e\000c\000h\000n\000i\000q\000u\000e}{chapter.1}% 5
\BOOKMARK [1][-]{section.1.5}{\376\377\000C\000o\000n\000v\000e\000n\000t\000i\000o\000n\000s\000\040\000d\000o\000c\000u\000m\000e\000n\000t\000a\000i\000r\000e\000s}{chapter.1}% 6
\BOOKMARK [1][-]{section.1.6}{\376\377\000R\000\351\000f\000\351\000r\000e\000n\000c\000e\000s}{chapter.1}% 7
\BOOKMARK [0][-]{chapter.2}{\376\377\000C\000o\000n\000t\000e\000x\000t\000e\000\040\000e\000t\000\040\000e\000n\000v\000i\000r\000o\000n\000n\000e\000m\000e\000n\000t}{}% 8
\BOOKMARK [1][-]{section.2.1}{\376\377\000D\000i\000a\000g\000r\000a\000m\000m\000e\000\040\000d\000e\000\040\000c\000o\000n\000t\000e\000x\000t\000e\000\040\000\050\000n\000i\000v\000e\000a\000u\000\040\0000\000\040\000D\000F\000D\000\051}{chapter.2}% 9
\BOOKMARK [1][-]{section.2.2}{\376\377\000A\000c\000t\000e\000u\000r\000s\000\040\000d\000u\000\040\000s\000y\000s\000t\000\350\000m\000e}{chapter.2}% 10
\BOOKMARK [1][-]{section.2.3}{\376\377\000M\000o\000d\000\350\000l\000e\000\040\000m\000u\000l\000t\000i\000-\000t\000e\000n\000a\000n\000t}{chapter.2}% 11
\BOOKMARK [0][-]{chapter.3}{\376\377\000A\000n\000a\000l\000y\000s\000e\000\040\000d\000e\000s\000\040\000b\000e\000s\000o\000i\000n\000s}{}% 12
\BOOKMARK [1][-]{section.3.1}{\376\377\000B\000e\000s\000o\000i\000n\000s\000\040\000f\000o\000n\000c\000t\000i\000o\000n\000n\000e\000l\000s}{chapter.3}% 13
\BOOKMARK [1][-]{section.3.2}{\376\377\000B\000e\000s\000o\000i\000n\000s\000\040\000n\000o\000n\000\040\000f\000o\000n\000c\000t\000i\000o\000n\000n\000e\000l\000s}{chapter.3}% 14
\BOOKMARK [1][-]{section.3.3}{\376\377\000C\000o\000n\000t\000r\000a\000i\000n\000t\000e\000s}{chapter.3}% 15
\BOOKMARK [1][-]{section.3.4}{\376\377\000H\000y\000p\000o\000t\000h\000\350\000s\000e\000s}{chapter.3}% 16
\BOOKMARK [0][-]{chapter.4}{\376\377\000C\000a\000s\000\040\000d\000'\000u\000t\000i\000l\000i\000s\000a\000t\000i\000o\000n}{}% 17
\BOOKMARK [1][-]{section.4.1}{\376\377\000D\000i\000a\000g\000r\000a\000m\000m\000e\000\040\000g\000\351\000n\000\351\000r\000a\000l\000\040\000d\000e\000s\000\040\000c\000a\000s\000\040\000d\000'\000u\000t\000i\000l\000i\000s\000a\000t\000i\000o\000n}{chapter.4}% 18
\BOOKMARK [1][-]{section.4.2}{\376\377\000D\000e\000s\000c\000r\000i\000p\000t\000i\000o\000n\000\040\000d\000\351\000t\000a\000i\000l\000l\000\351\000e\000\040\000d\000e\000s\000\040\000c\000a\000s\000\040\000d\000'\000u\000t\000i\000l\000i\000s\000a\000t\000i\000o\000n\000\040\000p\000r\000i\000n\000c\000i\000p\000a\000u\000x}{chapter.4}% 19
\BOOKMARK [2][-]{subsection.4.2.1}{\376\377\000U\000C\000-\0000\0001\000\040\000:\000\040\000I\000n\000s\000c\000r\000i\000p\000t\000i\000o\000n\000\040\000A\000r\000t\000i\000s\000t\000e}{section.4.2}% 20
\BOOKMARK [2][-]{subsection.4.2.2}{\376\377\000U\000C\000-\0000\0002\000\040\000:\000\040\000V\000a\000l\000i\000d\000a\000t\000i\000o\000n\000\040\000A\000r\000t\000i\000s\000t\000e\000\040\000p\000a\000r\000\040\000A\000d\000m\000i\000n}{section.4.2}% 21
\BOOKMARK [2][-]{subsection.4.2.3}{\376\377\000U\000C\000-\0000\0003\000\040\000:\000\040\000A\000c\000h\000a\000t\000\040\000d\000'\000u\000n\000e\000\040\001\123\000u\000v\000r\000e\000\040\000\050\000C\000h\000e\000c\000k\000o\000u\000t\000\051}{section.4.2}% 22
\BOOKMARK [2][-]{subsection.4.2.4}{\376\377\000U\000C\000-\0000\0004\000\040\000:\000\040\000C\000h\000a\000t\000\040\000t\000e\000m\000p\000s\000\040\000r\000\351\000e\000l}{section.4.2}% 23
\BOOKMARK [1][-]{section.4.3}{\376\377\000M\000a\000t\000r\000i\000c\000e\000\040\000a\000c\000t\000e\000u\000r\000\040\000/\000\040\000c\000a\000s\000\040\000d\000'\000u\000t\000i\000l\000i\000s\000a\000t\000i\000o\000n}{chapter.4}% 24
\BOOKMARK [0][-]{chapter.5}{\376\377\000A\000r\000c\000h\000i\000t\000e\000c\000t\000u\000r\000e\000\040\000l\000o\000g\000i\000c\000i\000e\000l\000l\000e}{}% 25
\BOOKMARK [1][-]{section.5.1}{\376\377\000A\000r\000c\000h\000i\000t\000e\000c\000t\000u\000r\000e\000\040\000h\000e\000x\000a\000g\000o\000n\000a\000l\000e\000\040\000\050\000P\000o\000r\000t\000s\000\040\000\046\000\040\000A\000d\000a\000p\000t\000e\000r\000s\000\051}{chapter.5}% 26
\BOOKMARK [1][-]{section.5.2}{\376\377\000D\000i\000a\000g\000r\000a\000m\000m\000e\000\040\000d\000e\000\040\000p\000a\000c\000k\000a\000g\000e\000s}{chapter.5}% 27
\BOOKMARK [1][-]{section.5.3}{\376\377\000S\000t\000r\000u\000c\000t\000u\000r\000e\000\040\000i\000n\000t\000e\000r\000n\000e\000\040\000d\000'\000u\000n\000\040\000m\000o\000d\000u\000l\000e\000\040\000t\000y\000p\000e}{chapter.5}% 28
\BOOKMARK [1][-]{section.5.4}{\376\377\000D\000i\000a\000g\000r\000a\000m\000m\000e\000\040\000d\000e\000\040\000c\000o\000m\000p\000o\000s\000a\000n\000t\000s}{chapter.5}% 29
\BOOKMARK [1][-]{section.5.5}{\376\377\000M\000o\000d\000u\000l\000e\000s\000\040\000f\000o\000n\000c\000t\000i\000o\000n\000n\000e\000l\000s}{chapter.5}% 30
\BOOKMARK [1][-]{section.5.6}{\376\377\000C\000o\000u\000c\000h\000e\000\040\000K\000e\000r\000n\000e\000l\000\040\000p\000a\000r\000t\000a\000g\000\351\000e}{chapter.5}% 31
\BOOKMARK [0][-]{chapter.6}{\376\377\000M\000o\000d\000\350\000l\000e\000\040\000d\000e\000\040\000c\000l\000a\000s\000s\000e\000s\000\040\000m\000\351\000t\000i\000e\000r}{}% 32
\BOOKMARK [1][-]{section.6.1}{\376\377\000D\000i\000a\000g\000r\000a\000m\000m\000e\000\040\000d\000e\000\040\000c\000l\000a\000s\000s\000e\000s\000\040\040\024\000\040\000N\000o\000y\000a\000u\000\040\000u\000t\000i\000l\000i\000s\000a\000t\000e\000u\000r\000s}{chapter.6}% 33
\BOOKMARK [1][-]{section.6.2}{\376\377\000D\000i\000a\000g\000r\000a\000m\000m\000e\000\040\000d\000e\000\040\000c\000l\000a\000s\000s\000e\000s\000\040\040\024\000\040\000A\000r\000t\000w\000o\000r\000k\000s}{chapter.6}% 34
\BOOKMARK [1][-]{section.6.3}{\376\377\000D\000i\000a\000g\000r\000a\000m\000m\000e\000\040\000d\000e\000\040\000c\000l\000a\000s\000s\000e\000s\000\040\040\024\000\040\000C\000o\000m\000m\000e\000r\000c\000e}{chapter.6}% 35
\BOOKMARK [1][-]{section.6.4}{\376\377\000D\000i\000a\000g\000r\000a\000m\000m\000e\000\040\000d\000e\000\040\000c\000l\000a\000s\000s\000e\000s\000\040\040\024\000\040\000\311\000v\000\351\000n\000e\000m\000e\000n\000t\000s\000\040\000e\000t\000\040\000C\000h\000a\000t}{chapter.6}% 36
\BOOKMARK [1][-]{section.6.5}{\376\377\000M\000o\000d\000\350\000l\000e\000\040\000e\000n\000t\000i\000t\000\351\000-\000r\000e\000l\000a\000t\000i\000o\000n\000\040\000g\000l\000o\000b\000a\000l}{chapter.6}% 37
\BOOKMARK [1][-]{section.6.6}{\376\377\000S\000t\000a\000t\000u\000t\000s\000\040\000m\000\351\000t\000i\000e\000r\000\040\000c\000l\000\351\000s}{chapter.6}% 38
\BOOKMARK [0][-]{chapter.7}{\376\377\000M\000o\000d\000\350\000l\000e\000\040\000d\000e\000\040\000c\000l\000a\000s\000s\000e\000s\000\040\000t\000e\000c\000h\000n\000i\000q\000u\000e}{}% 39
\BOOKMARK [1][-]{section.7.1}{\376\377\000D\000i\000a\000g\000r\000a\000m\000m\000e\000\040\000d\000e\000\040\000c\000l\000a\000s\000s\000e\000s\000\040\040\024\000\040\000C\000o\000u\000c\000h\000e\000\040\000A\000u\000t\000h\000\040\000\050\000e\000x\000e\000m\000p\000l\000e\000\040\000m\000o\000d\000u\000l\000e\000\051}{chapter.7}% 40
\BOOKMARK [1][-]{section.7.2}{\376\377\000D\000i\000a\000g\000r\000a\000m\000m\000e\000\040\000d\000e\000\040\000c\000l\000a\000s\000s\000e\000s\000\040\040\024\000\040\000I\000n\000t\000\351\000g\000r\000a\000t\000i\000o\000n\000\040\000K\000e\000r\000n\000e\000l}{chapter.7}% 41
\BOOKMARK [1][-]{section.7.3}{\376\377\000D\000i\000a\000g\000r\000a\000m\000m\000e\000\040\000d\000e\000\040\000c\000l\000a\000s\000s\000e\000s\000\040\040\024\000\040\000M\000u\000l\000t\000i\000-\000t\000e\000n\000a\000n\000c\000y}{chapter.7}% 42
\BOOKMARK [1][-]{section.7.4}{\376\377\000D\000i\000a\000g\000r\000a\000m\000m\000e\000\040\000d\000e\000\040\000c\000l\000a\000s\000s\000e\000s\000\040\040\024\000\040\000P\000a\000i\000e\000m\000e\000n\000t\000\040\000C\000a\000m\000P\000a\000y}{chapter.7}% 43
\BOOKMARK [1][-]{section.7.5}{\376\377\000D\000i\000a\000g\000r\000a\000m\000m\000e\000\040\000d\000e\000\040\000c\000l\000a\000s\000s\000e\000s\000\040\040\024\000\040\000S\000\351\000c\000u\000r\000i\000t\000\351}{chapter.7}% 44
\BOOKMARK [1][-]{section.7.6}{\376\377\000I\000n\000v\000e\000n\000t\000a\000i\000r\000e\000\040\000d\000e\000s\000\040\000p\000o\000r\000t\000s\000\040\000d\000e\000\040\000s\000o\000r\000t\000i\000e\000\040\000\050\000R\000e\000p\000o\000s\000i\000t\000o\000r\000y\000\051}{chapter.7}% 45
\BOOKMARK [0][-]{chapter.8}{\376\377\000D\000i\000a\000g\000r\000a\000m\000m\000e\000s\000\040\000d\000e\000\040\000s\000\351\000q\000u\000e\000n\000c\000e}{}% 46
\BOOKMARK [1][-]{section.8.1}{\376\377\000S\000\351\000q\000u\000e\000n\000c\000e\000\040\040\024\000\040\000A\000u\000t\000h\000e\000n\000t\000i\000f\000i\000c\000a\000t\000i\000o\000n\000\040\000\050\000L\000o\000g\000i\000n\000\051}{chapter.8}% 47
\BOOKMARK [1][-]{section.8.2}{\376\377\000S\000\351\000q\000u\000e\000n\000c\000e\000\040\040\024\000\040\000P\000r\000o\000v\000i\000s\000i\000o\000n\000i\000n\000g\000\040\000a\000r\000t\000i\000s\000t\000e\000\040\000\050\000v\000a\000l\000i\000d\000a\000t\000i\000o\000n\000\040\000a\000d\000m\000i\000n\000\051}{chapter.8}% 48
\BOOKMARK [1][-]{section.8.3}{\376\377\000S\000\351\000q\000u\000e\000n\000c\000e\000\040\040\024\000\040\000C\000h\000e\000c\000k\000o\000u\000t\000\040\000b\000o\000u\000t\000i\000q\000u\000e\000\040\000\050\000C\000a\000m\000P\000a\000y\000\051}{chapter.8}% 49
\BOOKMARK [1][-]{section.8.4}{\376\377\000S\000\351\000q\000u\000e\000n\000c\000e\000\040\040\024\000\040\000C\000h\000a\000t\000\040\000W\000e\000b\000S\000o\000c\000k\000e\000t\000\040\000S\000T\000O\000M\000P}{chapter.8}% 50
\BOOKMARK [1][-]{section.8.5}{\376\377\000S\000\351\000q\000u\000e\000n\000c\000e\000\040\040\024\000\040\000S\000y\000n\000c\000\040\000K\000a\000f\000k\000a\000\040\000\050\000o\000p\000t\000i\000o\000n\000n\000e\000l\000\051}{chapter.8}% 51
\BOOKMARK [1][-]{section.8.6}{\376\377\000M\000a\000c\000h\000i\000n\000e\000\040\000d\000'\000\351\000t\000a\000t\000s\000\040\040\024\000\040\000C\000y\000c\000l\000e\000\040\000d\000e\000\040\000v\000i\000e\000\040\000a\000r\000t\000i\000s\000t\000e}{chapter.8}% 52
\BOOKMARK [0][-]{chapter.9}{\376\377\000D\000\351\000p\000l\000o\000i\000e\000m\000e\000n\000t\000\040\000e\000t\000\040\000i\000n\000f\000r\000a\000s\000t\000r\000u\000c\000t\000u\000r\000e}{}% 53
\BOOKMARK [1][-]{section.9.1}{\376\377\000D\000i\000a\000g\000r\000a\000m\000m\000e\000\040\000d\000e\000\040\000d\000\351\000p\000l\000o\000i\000e\000m\000e\000n\000t\000\040\040\024\000\040\000E\000n\000v\000i\000r\000o\000n\000n\000e\000m\000e\000n\000t\000\040\000l\000o\000c\000a\000l}{chapter.9}% 54
\BOOKMARK [1][-]{section.9.2}{\376\377\000D\000i\000a\000g\000r\000a\000m\000m\000e\000\040\000d\000e\000\040\000d\000\351\000p\000l\000o\000i\000e\000m\000e\000n\000t\000\040\040\024\000\040\000P\000r\000o\000d\000u\000c\000t\000i\000o\000n\000\040\000\050\000c\000i\000b\000l\000e\000\051}{chapter.9}% 55
\BOOKMARK [1][-]{section.9.3}{\376\377\000V\000a\000r\000i\000a\000b\000l\000e\000s\000\040\000d\000'\000e\000n\000v\000i\000r\000o\000n\000n\000e\000m\000e\000n\000t\000\040\000c\000r\000i\000t\000i\000q\000u\000e\000s}{chapter.9}% 56
\BOOKMARK [1][-]{section.9.4}{\376\377\000P\000i\000p\000e\000l\000i\000n\000e\000\040\000d\000e\000\040\000b\000u\000i\000l\000d\000\040\000e\000t\000\040\000d\000\351\000p\000l\000o\000i\000e\000m\000e\000n\000t}{chapter.9}% 57
\BOOKMARK [1][-]{section.9.5}{\376\377\000M\000o\000n\000i\000t\000o\000r\000i\000n\000g\000\040\000e\000t\000\040\000o\000b\000s\000e\000r\000v\000a\000b\000i\000l\000i\000t\000\351}{chapter.9}% 58
\BOOKMARK [0][-]{chapter.10}{\376\377\000R\000\351\000f\000\351\000r\000e\000n\000c\000e\000\040\000A\000P\000I\000\040\000R\000E\000S\000T}{}% 59
\BOOKMARK [1][-]{section.10.1}{\376\377\000C\000o\000n\000v\000e\000n\000t\000i\000o\000n\000s\000\040\000g\000\351\000n\000\351\000r\000a\000l\000e\000s}{chapter.10}% 60
\BOOKMARK [1][-]{section.10.2}{\376\377\000M\000a\000t\000r\000i\000c\000e\000\040\000d\000e\000s\000\040\000e\000n\000d\000p\000o\000i\000n\000t\000s\000\040\000p\000a\000r\000\040\000m\000o\000d\000u\000l\000e}{chapter.10}% 61
\BOOKMARK [2][-]{subsection.10.2.1}{\376\377\000A\000u\000t\000h\000e\000n\000t\000i\000f\000i\000c\000a\000t\000i\000o\000n\000\040\040\024\000\040\000/\000a\000p\000i\000/\000a\000u\000t\000h}{section.10.2}% 62
\BOOKMARK [2][-]{subsection.10.2.2}{\376\377\000P\000r\000o\000f\000i\000l\000\040\040\024\000\040\000/\000a\000p\000i\000/\000m\000e}{section.10.2}% 63
\BOOKMARK [2][-]{subsection.10.2.3}{\376\377\000A\000r\000t\000i\000s\000t\000e\000\040\040\024\000\040\000/\000a\000p\000i}{section.10.2}% 64
\BOOKMARK [2][-]{subsection.10.2.4}{\376\377\001\122\000u\000v\000r\000e\000s\000\040\040\024\000\040\000/\000a\000p\000i}{section.10.2}% 65
\BOOKMARK [2][-]{subsection.10.2.5}{\376\377\000B\000o\000u\000t\000i\000q\000u\000e\000\040\040\024\000\040\000/\000a\000p\000i\000/\000s\000h\000o\000p}{section.10.2}% 66
\BOOKMARK [2][-]{subsection.10.2.6}{\376\377\000\311\000v\000\351\000n\000e\000m\000e\000n\000t\000s\000\040\040\024\000\040\000/\000a\000p\000i}{section.10.2}% 67
\BOOKMARK [2][-]{subsection.10.2.7}{\376\377\000P\000a\000i\000e\000m\000e\000n\000t\000\040\000e\000t\000\040\000W\000a\000l\000l\000e\000t}{section.10.2}% 68
\BOOKMARK [2][-]{subsection.10.2.8}{\376\377\000A\000d\000m\000i\000n\000i\000s\000t\000r\000a\000t\000i\000o\000n\000\040\040\024\000\040\000/\000a\000p\000i\000/\000a\000d\000m\000i\000n}{section.10.2}% 69
\BOOKMARK [1][-]{section.10.3}{\376\377\000W\000e\000b\000S\000o\000c\000k\000e\000t\000\040\000S\000T\000O\000M\000P}{chapter.10}% 70
\BOOKMARK [1][-]{section.10.4}{\376\377\000C\000o\000d\000e\000s\000\040\000d\000e\000\040\000r\000\351\000p\000o\000n\000s\000e\000\040\000H\000T\000T\000P}{chapter.10}% 71
\BOOKMARK [0][-]{chapter.11}{\376\377\000A\000n\000n\000e\000x\000e\000s}{}% 72
\BOOKMARK [1][-]{section.11.1}{\376\377\000G\000l\000o\000s\000s\000a\000i\000r\000e}{chapter.11}% 73
\BOOKMARK [1][-]{section.11.2}{\376\377\000M\000a\000t\000r\000i\000c\000e\000\040\000d\000e\000\040\000t\000r\000a\000\347\000a\000b\000i\000l\000i\000t\000\351\000\040\000b\000e\000s\000o\000i\000n\000s\000\040\000/\000\040\000m\000o\000d\000u\000l\000e\000s}{chapter.11}% 74
\BOOKMARK [1][-]{section.11.3}{\376\377\000S\000t\000r\000u\000c\000t\000u\000r\000e\000\040\000d\000e\000s\000\040\000s\000c\000h\000\351\000m\000a\000s\000\040\000d\000e\000\040\000b\000a\000s\000e\000\040\000d\000e\000\040\000d\000o\000n\000n\000\351\000e\000s}{chapter.11}% 75
\BOOKMARK [2][-]{subsection.11.3.1}{\376\377\000S\000c\000h\000\351\000m\000a\000\040\000p\000u\000b\000l\000i\000c}{section.11.3}% 76
\BOOKMARK [2][-]{subsection.11.3.2}{\376\377\000S\000c\000h\000\351\000m\000a\000\040\000t\000e\000n\000a\000n\000t\000\137\000\173\000o\000r\000g\000a\000n\000i\000z\000a\000t\000i\000o\000n\000I\000d\000\175}{section.11.3}% 77
\BOOKMARK [1][-]{section.11.4}{\376\377\000C\000h\000e\000c\000k\000l\000i\000s\000t\000\040\000d\000e\000\040\000m\000i\000s\000e\000\040\000e\000n\000\040\000p\000r\000o\000d\000u\000c\000t\000i\000o\000n}{chapter.11}% 78
\BOOKMARK [1][-]{section.11.5}{\376\377\000H\000i\000s\000t\000o\000r\000i\000q\000u\000e\000\040\000d\000e\000s\000\040\000v\000e\000r\000s\000i\000o\000n\000s\000\040\000d\000u\000\040\000d\000o\000c\000u\000m\000e\000n\000t}{chapter.11}% 79
\BOOKMARK [1][-]{section.11.6}{\376\377\000I\000n\000d\000e\000x\000\040\000d\000e\000s\000\040\000f\000i\000g\000u\000r\000e\000s}{chapter.11}% 80
